<?xml version="1.0" encoding="UTF-8"?>
<!-- Generated by org.testng.reporters.JUnitReportReporter -->
<testsuite hostname="Sandeeps-MacBook-Air.local" failures="0" tests="4" name="com.kunal.seleniumassignment.tests.OrangeHRMTest" time="131.436" errors="0" timestamp="2025-01-26T21:51:44 IST" skipped="0">
  <testcase classname="com.kunal.seleniumassignment.tests.OrangeHRMTest" name="testLogin" time="24.740"/>
  <system-out/>
  <testcase classname="com.kunal.seleniumassignment.tests.OrangeHRMTest" name="testLogin" time="13.426"/>
  <system-out/>
  <testcase classname="com.kunal.seleniumassignment.tests.OrangeHRMTest" name="testLogin" time="42.434"/>
  <system-out/>
  <testcase classname="com.kunal.seleniumassignment.tests.OrangeHRMTest" name="testLogin" time="50.836"/>
  <system-out/>
</testsuite> <!-- com.kunal.seleniumassignment.tests.OrangeHRMTest -->
