<?xml version="1.0" encoding="UTF-8"?>
<!-- Generated by org.testng.reporters.JUnitReportReporter -->
<testsuite hostname="Sandeeps-MacBook-Air.local" failures="0" tests="1" name="com.kunal.seleniumassignment.tests.ErailTest" time="144.892" errors="0" timestamp="2025-01-26T21:51:44 IST" skipped="0">
  <testcase classname="com.kunal.seleniumassignment.tests.ErailTest" name="testErailDropdownAndDateSelection" time="144.892"/>
  <system-out/>
</testsuite> <!-- com.kunal.seleniumassignment.tests.ErailTest -->
